404 Not Found: The requested URL was not found on the server. If you entered the URL manually please check your spelling and try again.
404 Not Found: The requested URL was not found on the server. If you entered the URL manually please check your spelling and try again.
404 Not Found: The requested URL was not found on the server. If you entered the URL manually please check your spelling and try again.
404 Not Found: The requested URL was not found on the server. If you entered the URL manually please check your spelling and try again.
404 Not Found: The requested URL was not found on the server. If you entered the URL manually please check your spelling and try again.
404 Not Found: The requested URL was not found on the server. If you entered the URL manually please check your spelling and try again.
404 Not Found: The requested URL was not found on the server. If you entered the URL manually please check your spelling and try again.
404 Not Found: The requested URL was not found on the server. If you entered the URL manually please check your spelling and try again.
404 Not Found: The requested URL was not found on the server. If you entered the URL manually please check your spelling and try again.
404 Not Found: The requested URL was not found on the server. If you entered the URL manually please check your spelling and try again.
404 Not Found: The requested URL was not found on the server. If you entered the URL manually please check your spelling and try again.
404 Not Found: The requested URL was not found on the server. If you entered the URL manually please check your spelling and try again.
404 Not Found: The requested URL was not found on the server. If you entered the URL manually please check your spelling and try again.
404 Not Found: The requested URL was not found on the server. If you entered the URL manually please check your spelling and try again.
404 Not Found: The requested URL was not found on the server. If you entered the URL manually please check your spelling and try again.
404 Not Found: The requested URL was not found on the server. If you entered the URL manually please check your spelling and try again.
404 Not Found: The requested URL was not found on the server. If you entered the URL manually please check your spelling and try again.
404 Not Found: The requested URL was not found on the server. If you entered the URL manually please check your spelling and try again.
'numeric_columns' is undefined
404 Not Found: The requested URL was not found on the server. If you entered the URL manually please check your spelling and try again.
Could not build url for endpoint 'upload_files'. Did you mean 'upload_file' instead?
404 Not Found: The requested URL was not found on the server. If you entered the URL manually please check your spelling and try again.
Could not build url for endpoint 'uploadimage'. Did you mean 'upload_image' instead?
404 Not Found: The requested URL was not found on the server. If you entered the URL manually please check your spelling and try again.
404 Not Found: The requested URL was not found on the server. If you entered the URL manually please check your spelling and try again.
404 Not Found: The requested URL was not found on the server. If you entered the URL manually please check your spelling and try again.
'numeric_columns' is undefined
'numeric_columns' is undefined
'numeric_columns' is undefined
404 Not Found: The requested URL was not found on the server. If you entered the URL manually please check your spelling and try again.
404 Not Found: The requested URL was not found on the server. If you entered the URL manually please check your spelling and try again.
'numeric_columns' is undefined
'numeric_columns' is undefined
404 Not Found: The requested URL was not found on the server. If you entered the URL manually please check your spelling and try again.
'numeric_columns' is undefined
'numeric_columns' is undefined
404 Not Found: The requested URL was not found on the server. If you entered the URL manually please check your spelling and try again.
no_file_uploaded.html
404 Not Found: The requested URL was not found on the server. If you entered the URL manually please check your spelling and try again.
zero-size array to reduction operation fmin which has no identity
405 Method Not Allowed: The method is not allowed for the requested URL.
404 Not Found: The requested URL was not found on the server. If you entered the URL manually please check your spelling and try again.
